<?xml version="1.0" encoding="UTF-8"?>
<testsuite xmlns:xsi="http://www.w3.org/2001/XMLSchema-instance" xsi:noNamespaceSchemaLocation="https://maven.apache.org/surefire/maven-surefire-plugin/xsd/surefire-test-report.xsd" version="3.0.2" name="com.sqli.pbousquet.helloapi.api.HelloApiTest" time="0.008" tests="2" errors="0" skipped="0" failures="0">
  <properties>
[...]
</properties>
  <testcase name="getHello_must_return_Hello_World" classname="com.sqli.pbousquet.helloapi.api.HelloApiTest" time="0.003"/>
  <testcase name="getHello_Philippe_must_return_Hello_Philippe" classname="com.sqli.pbousquet.helloapi.api.HelloApiTest" time="0.0"/>
</testsuite>